<?xml version="1.0" encoding="UTF-8"?>
<!-- Generated by org.testng.reporters.JUnitXMLReporter -->
<testsuite ignored="0" hostname="LAPTOP-1ATVOVSF" failures="0" tests="5" name="Default test" time="33.656" errors="0" timestamp="2021-07-08T13:38:43 IST">
  <testcase classname="testcases.FormFillingTest" name="formFillTest" time="2.803"/>
  <testcase classname="testcases.FormFillingTest" name="formFillTest" time="2.519"/>
  <testcase classname="testcases.FormFillingTest" name="formFillTest" time="2.445"/>
  <testcase classname="testcases.FormFillingTest" name="formFillTest" time="2.411"/>
  <testcase classname="testcases.FormFillingTest" name="formFillTest" time="3.237"/>
</testsuite> <!-- Default test -->
