<?xml version="1.0" encoding="UTF-8"?>
<testng-results ignored="0" total="5" passed="5" failed="0" skipped="0">
  <reporter-output>
  </reporter-output>
  <suite started-at="2021-07-08T13:38:09 IST" name="Default suite" finished-at="2021-07-08T13:38:43 IST" duration-ms="33656">
    <groups>
    </groups>
    <test started-at="2021-07-08T13:38:09 IST" name="Default test" finished-at="2021-07-08T13:38:43 IST" duration-ms="33656">
      <class name="testcases.FormFillingTest">
        <test-method is-config="true" signature="setUp()[pri:0, instance:testcases.FormFillingTest@4229bb3f]" started-at="2021-07-08T13:38:10 IST" name="setUp" finished-at="2021-07-08T13:38:14 IST" duration-ms="4173" status="PASS">
          <reporter-output>
          </reporter-output>
        </test-method> <!-- setUp -->
        <test-method signature="formFillTest(java.lang.String,java.lang.String,java.lang.String,java.lang.String,java.lang.String,java.lang.String,java.lang.String,java.lang.String)[pri:0, instance:testcases.FormFillingTest@4229bb3f]" started-at="2021-07-08T13:38:14 IST" name="formFillTest" data-provider="getExcelData" finished-at="2021-07-08T13:38:17 IST" duration-ms="2803" status="PASS">
          <params>
            <param index="0">
              <value>
                <![CDATA[Tushar]]>
              </value>
            </param>
            <param index="1">
              <value>
                <![CDATA[Singh]]>
              </value>
            </param>
            <param index="2">
              <value>
                <![CDATA[one]]>
              </value>
            </param>
            <param index="3">
              <value>
                <![CDATA[hellobro]]>
              </value>
            </param>
            <param index="4">
              <value>
                <![CDATA[1.0]]>
              </value>
            </param>
            <param index="5">
              <value>
                <![CDATA[Jan]]>
              </value>
            </param>
            <param index="6">
              <value>
                <![CDATA[1999.0]]>
              </value>
            </param>
            <param index="7">
              <value>
                <![CDATA[male]]>
              </value>
            </param>
          </params>
          <reporter-output>
          </reporter-output>
        </test-method> <!-- formFillTest -->
        <test-method is-config="true" signature="tearDown()[pri:0, instance:testcases.FormFillingTest@4229bb3f]" started-at="2021-07-08T13:38:17 IST" name="tearDown" finished-at="2021-07-08T13:38:17 IST" duration-ms="452" status="PASS">
          <reporter-output>
          </reporter-output>
        </test-method> <!-- tearDown -->
        <test-method is-config="true" signature="setUp()[pri:0, instance:testcases.FormFillingTest@4229bb3f]" started-at="2021-07-08T13:38:17 IST" name="setUp" finished-at="2021-07-08T13:38:21 IST" duration-ms="3180" status="PASS">
          <reporter-output>
          </reporter-output>
        </test-method> <!-- setUp -->
        <test-method signature="formFillTest(java.lang.String,java.lang.String,java.lang.String,java.lang.String,java.lang.String,java.lang.String,java.lang.String,java.lang.String)[pri:0, instance:testcases.FormFillingTest@4229bb3f]" started-at="2021-07-08T13:38:21 IST" name="formFillTest" data-provider="getExcelData" finished-at="2021-07-08T13:38:23 IST" duration-ms="2519" status="PASS">
          <params>
            <param index="0">
              <value>
                <![CDATA[Ajay]]>
              </value>
            </param>
            <param index="1">
              <value>
                <![CDATA[Nethaji]]>
              </value>
            </param>
            <param index="2">
              <value>
                <![CDATA[two]]>
              </value>
            </param>
            <param index="3">
              <value>
                <![CDATA[googlebro]]>
              </value>
            </param>
            <param index="4">
              <value>
                <![CDATA[7.0]]>
              </value>
            </param>
            <param index="5">
              <value>
                <![CDATA[Feb]]>
              </value>
            </param>
            <param index="6">
              <value>
                <![CDATA[2000.0]]>
              </value>
            </param>
            <param index="7">
              <value>
                <![CDATA[male]]>
              </value>
            </param>
          </params>
          <reporter-output>
          </reporter-output>
        </test-method> <!-- formFillTest -->
        <test-method is-config="true" signature="tearDown()[pri:0, instance:testcases.FormFillingTest@4229bb3f]" started-at="2021-07-08T13:38:23 IST" name="tearDown" finished-at="2021-07-08T13:38:24 IST" duration-ms="476" status="PASS">
          <reporter-output>
          </reporter-output>
        </test-method> <!-- tearDown -->
        <test-method is-config="true" signature="setUp()[pri:0, instance:testcases.FormFillingTest@4229bb3f]" started-at="2021-07-08T13:38:24 IST" name="setUp" finished-at="2021-07-08T13:38:27 IST" duration-ms="3186" status="PASS">
          <reporter-output>
          </reporter-output>
        </test-method> <!-- setUp -->
        <test-method signature="formFillTest(java.lang.String,java.lang.String,java.lang.String,java.lang.String,java.lang.String,java.lang.String,java.lang.String,java.lang.String)[pri:0, instance:testcases.FormFillingTest@4229bb3f]" started-at="2021-07-08T13:38:27 IST" name="formFillTest" data-provider="getExcelData" finished-at="2021-07-08T13:38:29 IST" duration-ms="2445" status="PASS">
          <params>
            <param index="0">
              <value>
                <![CDATA[Modi]]>
              </value>
            </param>
            <param index="1">
              <value>
                <![CDATA[yadav]]>
              </value>
            </param>
            <param index="2">
              <value>
                <![CDATA[tthee]]>
              </value>
            </param>
            <param index="3">
              <value>
                <![CDATA[micro]]>
              </value>
            </param>
            <param index="4">
              <value>
                <![CDATA[7.0]]>
              </value>
            </param>
            <param index="5">
              <value>
                <![CDATA[Mar]]>
              </value>
            </param>
            <param index="6">
              <value>
                <![CDATA[1988.0]]>
              </value>
            </param>
            <param index="7">
              <value>
                <![CDATA[women]]>
              </value>
            </param>
          </params>
          <reporter-output>
          </reporter-output>
        </test-method> <!-- formFillTest -->
        <test-method is-config="true" signature="tearDown()[pri:0, instance:testcases.FormFillingTest@4229bb3f]" started-at="2021-07-08T13:38:29 IST" name="tearDown" finished-at="2021-07-08T13:38:30 IST" duration-ms="534" status="PASS">
          <reporter-output>
          </reporter-output>
        </test-method> <!-- tearDown -->
        <test-method is-config="true" signature="setUp()[pri:0, instance:testcases.FormFillingTest@4229bb3f]" started-at="2021-07-08T13:38:30 IST" name="setUp" finished-at="2021-07-08T13:38:33 IST" duration-ms="3210" status="PASS">
          <reporter-output>
          </reporter-output>
        </test-method> <!-- setUp -->
        <test-method signature="formFillTest(java.lang.String,java.lang.String,java.lang.String,java.lang.String,java.lang.String,java.lang.String,java.lang.String,java.lang.String)[pri:0, instance:testcases.FormFillingTest@4229bb3f]" started-at="2021-07-08T13:38:33 IST" name="formFillTest" data-provider="getExcelData" finished-at="2021-07-08T13:38:35 IST" duration-ms="2411" status="PASS">
          <params>
            <param index="0">
              <value>
                <![CDATA[koi]]>
              </value>
            </param>
            <param index="1">
              <value>
                <![CDATA[bhi]]>
              </value>
            </param>
            <param index="2">
              <value>
                <![CDATA[ttt]]>
              </value>
            </param>
            <param index="3">
              <value>
                <![CDATA[laptop]]>
              </value>
            </param>
            <param index="4">
              <value>
                <![CDATA[2.0]]>
              </value>
            </param>
            <param index="5">
              <value>
                <![CDATA[Feb]]>
              </value>
            </param>
            <param index="6">
              <value>
                <![CDATA[2007.0]]>
              </value>
            </param>
            <param index="7">
              <value>
                <![CDATA[custom]]>
              </value>
            </param>
          </params>
          <reporter-output>
          </reporter-output>
        </test-method> <!-- formFillTest -->
        <test-method is-config="true" signature="tearDown()[pri:0, instance:testcases.FormFillingTest@4229bb3f]" started-at="2021-07-08T13:38:35 IST" name="tearDown" finished-at="2021-07-08T13:38:36 IST" duration-ms="482" status="PASS">
          <reporter-output>
          </reporter-output>
        </test-method> <!-- tearDown -->
        <test-method is-config="true" signature="setUp()[pri:0, instance:testcases.FormFillingTest@4229bb3f]" started-at="2021-07-08T13:38:36 IST" name="setUp" finished-at="2021-07-08T13:38:39 IST" duration-ms="3300" status="PASS">
          <reporter-output>
          </reporter-output>
        </test-method> <!-- setUp -->
        <test-method signature="formFillTest(java.lang.String,java.lang.String,java.lang.String,java.lang.String,java.lang.String,java.lang.String,java.lang.String,java.lang.String)[pri:0, instance:testcases.FormFillingTest@4229bb3f]" started-at="2021-07-08T13:38:39 IST" name="formFillTest" data-provider="getExcelData" finished-at="2021-07-08T13:38:42 IST" duration-ms="3237" status="PASS">
          <params>
            <param index="0">
              <value>
                <![CDATA[kuchh]]>
              </value>
            </param>
            <param index="1">
              <value>
                <![CDATA[bhi]]>
              </value>
            </param>
            <param index="2">
              <value>
                <![CDATA[ee]]>
              </value>
            </param>
            <param index="3">
              <value>
                <![CDATA[car]]>
              </value>
            </param>
            <param index="4">
              <value>
                <![CDATA[5.0]]>
              </value>
            </param>
            <param index="5">
              <value>
                <![CDATA[Jan]]>
              </value>
            </param>
            <param index="6">
              <value>
                <![CDATA[2010.0]]>
              </value>
            </param>
            <param index="7">
              <value>
                <![CDATA[women]]>
              </value>
            </param>
          </params>
          <reporter-output>
          </reporter-output>
        </test-method> <!-- formFillTest -->
        <test-method is-config="true" signature="tearDown()[pri:0, instance:testcases.FormFillingTest@4229bb3f]" started-at="2021-07-08T13:38:42 IST" name="tearDown" finished-at="2021-07-08T13:38:43 IST" duration-ms="494" status="PASS">
          <reporter-output>
          </reporter-output>
        </test-method> <!-- tearDown -->
      </class> <!-- testcases.FormFillingTest -->
    </test> <!-- Default test -->
  </suite> <!-- Default suite -->
</testng-results>
